2025-08-04 14:14:34,043 - ERROR - Error initializing database: 1045 (28000): Access denied for user 'root'@'localhost' (using password: YES)
2025-08-04 14:14:34,043 - INFO - Fetching SteamSpy games list...
2025-08-04 14:14:34,207 - INFO - Fetched 1000 games from SteamSpy
2025-08-04 14:14:34,208 - INFO - Processing games 0 to 20 (total 20)
2025-08-04 14:14:34,218 - ERROR - Error inserting game 730: 1045 (28000): Access denied for user 'root'@'localhost' (using password: YES)
2025-08-04 14:14:34,226 - ERROR - Error inserting game 1172470: 1045 (28000): Access denied for user 'root'@'localhost' (using password: YES)
2025-08-04 14:14:34,235 - ERROR - Error inserting game 578080: 1045 (28000): Access denied for user 'root'@'localhost' (using password: YES)
2025-08-04 14:14:34,245 - ERROR - Error inserting game 1623730: 1045 (28000): Access denied for user 'root'@'localhost' (using password: YES)
2025-08-04 14:14:34,254 - ERROR - Error inserting game 440: 1045 (28000): Access denied for user 'root'@'localhost' (using password: YES)
2025-08-04 14:14:34,263 - ERROR - Error inserting game 1938090: 1045 (28000): Access denied for user 'root'@'localhost' (using password: YES)
2025-08-04 14:14:34,271 - ERROR - Error inserting game 1063730: 1045 (28000): Access denied for user 'root'@'localhost' (using password: YES)
2025-08-04 14:14:34,280 - ERROR - Error inserting game 2358720: 1045 (28000): Access denied for user 'root'@'localhost' (using password: YES)
2025-08-04 14:14:34,288 - ERROR - Error inserting game 271590: 1045 (28000): Access denied for user 'root'@'localhost' (using password: YES)
2025-08-04 14:14:34,297 - ERROR - Error inserting game 550: 1045 (28000): Access denied for user 'root'@'localhost' (using password: YES)
2025-08-04 14:14:34,305 - ERROR - Error inserting game 304930: 1045 (28000): Access denied for user 'root'@'localhost' (using password: YES)
2025-08-04 14:14:34,315 - ERROR - Error inserting game 1599340: 1045 (28000): Access denied for user 'root'@'localhost' (using password: YES)
2025-08-04 14:14:34,324 - ERROR - Error inserting game 236390: 1045 (28000): Access denied for user 'root'@'localhost' (using password: YES)
2025-08-04 14:14:34,333 - ERROR - Error inserting game 2246340: 1045 (28000): Access denied for user 'root'@'localhost' (using password: YES)
2025-08-04 14:14:34,342 - ERROR - Error inserting game 553850: 1045 (28000): Access denied for user 'root'@'localhost' (using password: YES)
2025-08-04 14:14:34,351 - ERROR - Error inserting game 230410: 1045 (28000): Access denied for user 'root'@'localhost' (using password: YES)
2025-08-04 14:14:34,359 - ERROR - Error inserting game 1245620: 1045 (28000): Access denied for user 'root'@'localhost' (using password: YES)
2025-08-04 14:14:34,368 - ERROR - Error inserting game 105600: 1045 (28000): Access denied for user 'root'@'localhost' (using password: YES)
2025-08-04 14:14:34,376 - ERROR - Error inserting game 2694490: 1045 (28000): Access denied for user 'root'@'localhost' (using password: YES)
2025-08-04 14:14:34,385 - ERROR - Error inserting game 431960: 1045 (28000): Access denied for user 'root'@'localhost' (using password: YES)
2025-08-04 14:14:34,385 - INFO - Finished inserting 20 games.
2025-08-04 14:16:29,210 - ERROR - Error initializing database: 1045 (28000): Access denied for user 'root'@'localhost' (using password: YES)
2025-08-04 14:16:29,210 - INFO - Fetching SteamSpy games list...
2025-08-04 14:16:29,299 - INFO - Fetched 1000 games from SteamSpy
2025-08-04 14:16:29,300 - INFO - Processing games 0 to 20 (total 20)
2025-08-04 14:16:29,309 - ERROR - Error inserting game 730: 1045 (28000): Access denied for user 'root'@'localhost' (using password: YES)
2025-08-04 14:16:29,318 - ERROR - Error inserting game 1172470: 1045 (28000): Access denied for user 'root'@'localhost' (using password: YES)
2025-08-04 14:16:29,327 - ERROR - Error inserting game 578080: 1045 (28000): Access denied for user 'root'@'localhost' (using password: YES)
2025-08-04 14:16:29,336 - ERROR - Error inserting game 1623730: 1045 (28000): Access denied for user 'root'@'localhost' (using password: YES)
2025-08-04 14:16:29,344 - ERROR - Error inserting game 440: 1045 (28000): Access denied for user 'root'@'localhost' (using password: YES)
2025-08-04 14:16:29,353 - ERROR - Error inserting game 1938090: 1045 (28000): Access denied for user 'root'@'localhost' (using password: YES)
2025-08-04 14:16:29,362 - ERROR - Error inserting game 1063730: 1045 (28000): Access denied for user 'root'@'localhost' (using password: YES)
2025-08-04 14:16:29,370 - ERROR - Error inserting game 2358720: 1045 (28000): Access denied for user 'root'@'localhost' (using password: YES)
2025-08-04 14:16:29,378 - ERROR - Error inserting game 271590: 1045 (28000): Access denied for user 'root'@'localhost' (using password: YES)
2025-08-04 14:16:29,387 - ERROR - Error inserting game 550: 1045 (28000): Access denied for user 'root'@'localhost' (using password: YES)
2025-08-04 14:16:29,396 - ERROR - Error inserting game 304930: 1045 (28000): Access denied for user 'root'@'localhost' (using password: YES)
2025-08-04 14:16:29,405 - ERROR - Error inserting game 1599340: 1045 (28000): Access denied for user 'root'@'localhost' (using password: YES)
2025-08-04 14:16:29,414 - ERROR - Error inserting game 236390: 1045 (28000): Access denied for user 'root'@'localhost' (using password: YES)
2025-08-04 14:16:29,423 - ERROR - Error inserting game 2246340: 1045 (28000): Access denied for user 'root'@'localhost' (using password: YES)
2025-08-04 14:16:29,431 - ERROR - Error inserting game 553850: 1045 (28000): Access denied for user 'root'@'localhost' (using password: YES)
2025-08-04 14:16:29,440 - ERROR - Error inserting game 230410: 1045 (28000): Access denied for user 'root'@'localhost' (using password: YES)
2025-08-04 14:16:29,449 - ERROR - Error inserting game 1245620: 1045 (28000): Access denied for user 'root'@'localhost' (using password: YES)
2025-08-04 14:16:29,458 - ERROR - Error inserting game 105600: 1045 (28000): Access denied for user 'root'@'localhost' (using password: YES)
2025-08-04 14:16:29,466 - ERROR - Error inserting game 2694490: 1045 (28000): Access denied for user 'root'@'localhost' (using password: YES)
2025-08-04 14:16:29,475 - ERROR - Error inserting game 431960: 1045 (28000): Access denied for user 'root'@'localhost' (using password: YES)
2025-08-04 14:16:29,475 - INFO - Finished inserting 20 games.
